Using pre-set license
Built from '2020.3/staging' branch; Version is '2020.3.48f1 (b805b124c6b7) revision 12060081'; Using compiler version '192528614'; Build Type 'Release'
OS: 'Windows 11  (10.0.26100) 64bit Professional' Language: 'en' Physical Memory: 16086 MB
BatchMode: 1, IsHumanControllingUs: 0, StartBugReporterOnCrash: 0, Is64bit: 1, IsPro: 0

COMMAND LINE ARGUMENTS:
C:\Program Files\Unity\Hub\Editor\2020.3.48f1\Editor\Unity.exe
-adb2
-batchMode
-noUpm
-name
AssetImportWorker0
-projectPath
D:/Jazib/Unity/BalloonPop
-logFile
Logs/AssetImportWorker0.log
-srvPort
52895
Successfully changed project path to: D:/Jazib/Unity/BalloonPop
D:/Jazib/Unity/BalloonPop
Using Asset Import Pipeline V2.
Player connection [15700] Host "[IP] 172.29.96.1 [Port] 2953007392 [Flags] 2 [Guid] 4010097270 [EditorId] 4010097270 [Version] 1048832 [Id] WindowsEditor(7,DESKTOP-2GVMHV5) [Debug] 1 [PackageName] WindowsEditor [ProjectName] Editor" joined multi-casting on [225.0.0.222:54997]...

Player connection [15700] Host "[IP] 172.29.96.1 [Port] 2953007392 [Flags] 2 [Guid] 4010097270 [EditorId] 4010097270 [Version] 1048832 [Id] WindowsEditor(7,DESKTOP-2GVMHV5) [Debug] 1 [PackageName] WindowsEditor [ProjectName] Editor" joined alternative multi-casting on [225.0.0.222:34997]...

Refreshing native plugins compatible for Editor in 31.68 ms, found 3 plugins.
Preloading 0 native plugins for Editor in 0.00 ms.
Initialize engine version: 2020.3.48f1 (b805b124c6b7)
[Subsystems] Discovering subsystems at path C:/Program Files/Unity/Hub/Editor/2020.3.48f1/Editor/Data/Resources/UnitySubsystems
[Subsystems] Discovering subsystems at path D:/Jazib/Unity/BalloonPop/Assets
GfxDevice: creating device client; threaded=0
Direct3D:
    Version:  Direct3D 11.0 [level 11.1]
    Renderer: Intel(R) Iris(R) Xe Graphics (ID=0x9a49)
    Vendor:   
    VRAM:     8043 MB
    Driver:   31.0.101.5388
Initialize mono
Mono path[0] = 'C:/Program Files/Unity/Hub/Editor/2020.3.48f1/Editor/Data/Managed'
Mono path[1] = 'C:/Program Files/Unity/Hub/Editor/2020.3.48f1/Editor/Data/MonoBleedingEdge/lib/mono/unityjit'
Mono config path = 'C:/Program Files/Unity/Hub/Editor/2020.3.48f1/Editor/Data/MonoBleedingEdge/etc'
Using monoOptions --debugger-agent=transport=dt_socket,embedding=1,server=y,suspend=n,address=127.0.0.1:56796
Begin MonoManager ReloadAssembly
Registering precompiled unity dll's ...
Register platform support module: C:/Program Files/Unity/Hub/Editor/2020.3.48f1/Editor/Data/PlaybackEngines/WindowsStandaloneSupport/UnityEditor.WindowsStandalone.Extensions.dll
Registered in 0.001331 seconds.
Native extension for WindowsStandalone target not found
Refreshing native plugins compatible for Editor in 30.34 ms, found 3 plugins.
Preloading 0 native plugins for Editor in 0.00 ms.
Mono: successfully reloaded assembly
- Completed reload, in  0.434 seconds
Domain Reload Profiling:
	ReloadAssembly (434ms)
		BeginReloadAssembly (48ms)
			ExecutionOrderSort (0ms)
			DisableScriptedObjects (0ms)
			BackupInstance (0ms)
			ReleaseScriptingObjects (0ms)
			CreateAndSetChildDomain (1ms)
		EndReloadAssembly (334ms)
			LoadAssemblies (46ms)
			RebuildTransferFunctionScriptingTraits (0ms)
			SetupTypeCache (109ms)
			ReleaseScriptCaches (0ms)
			RebuildScriptCaches (22ms)
			SetupLoadedEditorAssemblies (129ms)
				LogAssemblyErrors (0ms)
				InitializePlatformSupportModulesInManaged (3ms)
				SetLoadedEditorAssemblies (0ms)
				RefreshPlugins (30ms)
				BeforeProcessingInitializeOnLoad (12ms)
				ProcessInitializeOnLoadAttributes (62ms)
				ProcessInitializeOnLoadMethodAttributes (21ms)
				AfterProcessingInitializeOnLoad (0ms)
				EditorAssembliesLoaded (0ms)
			ExecutionOrderSort2 (0ms)
			AwakeInstancesAfterBackupRestoration (0ms)
Platform modules already initialized, skipping
Registering precompiled user dll's ...
Registered in 0.001664 seconds.
Begin MonoManager ReloadAssembly
Native extension for WindowsStandalone target not found
Refreshing native plugins compatible for Editor in 30.70 ms, found 3 plugins.
Preloading 0 native plugins for Editor in 0.00 ms.
Mono: successfully reloaded assembly
- Completed reload, in  0.809 seconds
Domain Reload Profiling:
	ReloadAssembly (809ms)
		BeginReloadAssembly (107ms)
			ExecutionOrderSort (0ms)
			DisableScriptedObjects (3ms)
			BackupInstance (0ms)
			ReleaseScriptingObjects (0ms)
			CreateAndSetChildDomain (14ms)
		EndReloadAssembly (656ms)
			LoadAssemblies (80ms)
			RebuildTransferFunctionScriptingTraits (0ms)
			SetupTypeCache (212ms)
			ReleaseScriptCaches (0ms)
			RebuildScriptCaches (35ms)
			SetupLoadedEditorAssemblies (265ms)
				LogAssemblyErrors (0ms)
				InitializePlatformSupportModulesInManaged (3ms)
				SetLoadedEditorAssemblies (0ms)
				RefreshPlugins (31ms)
				BeforeProcessingInitializeOnLoad (59ms)
				ProcessInitializeOnLoadAttributes (157ms)
				ProcessInitializeOnLoadMethodAttributes (10ms)
				AfterProcessingInitializeOnLoad (5ms)
				EditorAssembliesLoaded (0ms)
			ExecutionOrderSort2 (0ms)
			AwakeInstancesAfterBackupRestoration (2ms)
Platform modules already initialized, skipping
========================================================================
Worker process is ready to serve import requests
Launched and connected shader compiler UnityShaderCompiler.exe after 0.04 seconds
Refreshing native plugins compatible for Editor in 0.33 ms, found 3 plugins.
Preloading 0 native plugins for Editor in 0.00 ms.
Unloading 2014 Unused Serialized files (Serialized files now loaded: 0)
System memory in use before: 92.0 MB.
System memory in use after: 92.0 MB.

Unloading 29 unused Assets to reduce memory usage. Loaded Objects now: 2448.
Total: 2.518600 ms (FindLiveObjects: 0.113200 ms CreateObjectMapping: 0.041300 ms MarkObjects: 2.247000 ms  DeleteObjects: 0.116000 ms)

AssetImportParameters requested are different than current active one (requested -> active):
  custom:framework-win-MediaFoundation: 216162199b28c13a410421893ffa2e32 -> 
  custom:video-decoder-ogg-theora: a1e56fd34408186e4bbccfd4996cb3dc -> 
  custom:container-muxer-webm: aa71ff27fc2769a1b78a27578f13a17b -> 
  custom:container-demuxer-webm: 4f35f7cbe854078d1ac9338744f61a02 -> 
  custom:container-demuxer-ogg: 62fdf1f143b41e24485cea50d1cbac27 -> 
  custom:video-encoder-webm-vp8: eb34c28f22e8b96e1ab97ce403110664 -> 
  custom:video-codec-MediaFoundation-h265: 746d11721c4dcdbdad8f713fa42b33f4 -> 
  custom:video-decoder-webm-vp8: 9c59270c3fd7afecdb556c50c9e8de78 -> 
  custom:audio-decoder-ogg-vorbis: bf7c407c2cedff20999df2af8eb42d56 -> 
  custom:audio-encoder-webm-vorbis: bf7c407c2cedff20999df2af8eb42d56 -> 
========================================================================
Received Import Request.
  path: Assets
  artifactKey: Guid(00000000000000001000000000000000) Importer(815301076,1909f56bfc062723c751e8b465ee728b)
Start importing Assets using Guid(00000000000000001000000000000000) Importer(815301076,1909f56bfc062723c751e8b465ee728b)  -> (artifact id: '42d402b061de3733987d63b9cc3b64de') in 0.016824 seconds 
========================================================================
Received Import Request.
  Time since last request: 9.805644 seconds.
  path: Assets/BalloonPopGame
  artifactKey: Guid(2c274e8932869b343a488f282b972ca0) Importer(815301076,1909f56bfc062723c751e8b465ee728b)
Start importing Assets/BalloonPopGame using Guid(2c274e8932869b343a488f282b972ca0) Importer(815301076,1909f56bfc062723c751e8b465ee728b)  -> (artifact id: '870c904f555ca26f1f32ed69f558aa9e') in 0.015421 seconds 
========================================================================
Received Import Request.
  Time since last request: 7.378118 seconds.
  path: Assets/BalloonPopGame/Scene
  artifactKey: Guid(9995b0f5a1c5e9949b17fc765e630f34) Importer(815301076,1909f56bfc062723c751e8b465ee728b)
Start importing Assets/BalloonPopGame/Scene using Guid(9995b0f5a1c5e9949b17fc765e630f34) Importer(815301076,1909f56bfc062723c751e8b465ee728b)  -> (artifact id: '300d8f4d8f0d5473b53ba242912c96b4') in 0.010769 seconds 
========================================================================
Received Import Request.
  Time since last request: 6.071174 seconds.
  path: Assets/BalloonPopGame/Images
  artifactKey: Guid(abdd1fed7ead6fb49a14935749ecd000) Importer(815301076,1909f56bfc062723c751e8b465ee728b)
Start importing Assets/BalloonPopGame/Images using Guid(abdd1fed7ead6fb49a14935749ecd000) Importer(815301076,1909f56bfc062723c751e8b465ee728b)  -> (artifact id: '4a8a9c48622ee2c03f013704e69c1594') in 0.010476 seconds 
========================================================================
Received Import Request.
  Time since last request: 3.992186 seconds.
  path: Assets/BalloonPopGame/Scenes
  artifactKey: Guid(9995b0f5a1c5e9949b17fc765e630f34) Importer(815301076,1909f56bfc062723c751e8b465ee728b)
Start importing Assets/BalloonPopGame/Scenes using Guid(9995b0f5a1c5e9949b17fc765e630f34) Importer(815301076,1909f56bfc062723c751e8b465ee728b)  -> (artifact id: '02c8a0bd490b6990fbd6ba2a60aa0396') in 0.027366 seconds 
========================================================================
Received Import Request.
  Time since last request: 7.519769 seconds.
  path: Assets/BalloonPopGame/Sounds
  artifactKey: Guid(8d47fa91dfe967e499cfc5f8dda46e6a) Importer(815301076,1909f56bfc062723c751e8b465ee728b)
Start importing Assets/BalloonPopGame/Sounds using Guid(8d47fa91dfe967e499cfc5f8dda46e6a) Importer(815301076,1909f56bfc062723c751e8b465ee728b)  -> (artifact id: '0dc35f588f52c9c546623a35f5368a71') in 0.010438 seconds 
========================================================================
Received Import Request.
  Time since last request: 24.543169 seconds.
  path: Assets/BalloonPopGame/Scripts
  artifactKey: Guid(8ec0e06859e341846be6109c2e27293a) Importer(815301076,1909f56bfc062723c751e8b465ee728b)
Start importing Assets/BalloonPopGame/Scripts using Guid(8ec0e06859e341846be6109c2e27293a) Importer(815301076,1909f56bfc062723c751e8b465ee728b)  -> (artifact id: 'f0809120562992523e0086041245c09d') in 0.011793 seconds 
AssetImportWorkerClient::OnTransportError - code=2 error=End of file
